e:\final_pr\try\opengl\opengl\debug\vc142.pdb
e:\final_pr\try\opengl\opengl\debug\vc142.idb
e:\final_pr\try\opengl\opengl\debug\wall.obj
e:\final_pr\try\opengl\opengl\debug\secretbox.obj
e:\final_pr\try\opengl\opengl\debug\ray.obj
e:\final_pr\try\opengl\opengl\debug\pixel.obj
e:\final_pr\try\opengl\opengl\debug\person.obj
e:\final_pr\try\opengl\opengl\debug\main.obj
e:\final_pr\try\opengl\opengl\debug\magichero.obj
e:\final_pr\try\opengl\opengl\debug\line.obj
e:\final_pr\try\opengl\opengl\debug\hero.obj
e:\final_pr\try\opengl\opengl\debug\enemy.obj
e:\final_pr\try\opengl\opengl\debug\ellipse.obj
e:\final_pr\try\opengl\opengl\debug\damagehero.obj
e:\final_pr\try\opengl\opengl\debug\circle.obj
e:\final_pr\try\opengl\debug\opengl.ilk
e:\final_pr\try\opengl\debug\opengl.exe
e:\final_pr\try\opengl\debug\opengl.pdb
e:\final_pr\try\opengl\opengl\debug\opengl.tlog\cl.command.1.tlog
e:\final_pr\try\opengl\opengl\debug\opengl.tlog\cl.read.1.tlog
e:\final_pr\try\opengl\opengl\debug\opengl.tlog\cl.write.1.tlog
e:\final_pr\try\opengl\opengl\debug\opengl.tlog\link.command.1.tlog
e:\final_pr\try\opengl\opengl\debug\opengl.tlog\link.read.1.tlog
e:\final_pr\try\opengl\opengl\debug\opengl.tlog\link.write.1.tlog
